# JRE version: OpenJDK Runtime Environment Temurin-17.0.12+7 (17.0.12+7) (build 17.0.12+7)
# Java VM: OpenJDK 64-Bit Server VM Temurin-17.0.12+7 (17.0.12+7, mixed mode, tiered, compressed oops, compressed class ptrs, parallel gc, linux-amd64)
GC Precious Log:
 CPUs: 12 total, 12 available
 Memory: 31954M
 Large Page Support: Disabled
 NUMA Support: Disabled
 Compressed Oops: Enabled (32-bit)
 Alignments: Space 512K, Generation 512K, Heap 2M
 Heap Min Capacity: 100M
 Heap Initial Capacity: 100M
 Heap Max Capacity: 1G
 Pre-touch: Disabled
 Parallel Workers: 10
Heap:
 PSYoungGen      total 70144K, used 69864K [0x00000000eab00000, 0x00000000ef900000, 0x0000000100000000)
  eden space 64000K, 100% used [0x00000000eab00000,0x00000000ee980000,0x00000000ee980000)
  from space 6144K, 95% used [0x00000000ef300000,0x00000000ef8ba128,0x00000000ef900000)
  to   space 6656K, 0% used [0x00000000eec00000,0x00000000eec00000,0x00000000ef280000)
 ParOldGen       total 642048K, used 623730K [0x00000000c0000000, 0x00000000e7300000, 0x00000000eab00000)
  object space 642048K, 97% used [0x00000000c0000000,0x00000000e611cac0,0x00000000e7300000)
 Metaspace       used 89539K, committed 91072K, reserved 1179648K
  class space    used 9201K, committed 9920K, reserved 1048576K
GC Heap History (20 events):
Event: 128.881 GC heap before
{Heap before GC invocations=211 (full 11):
 PSYoungGen      total 84992K, used 84979K [0x00000000eab00000, 0x00000000f0d00000, 0x0000000100000000)
  eden space 73728K, 100% used [0x00000000eab00000,0x00000000ef300000,0x00000000ef300000)
  from space 11264K, 99% used [0x00000000f0200000,0x00000000f0cfcff8,0x00000000f0d00000)
  to   space 12288K, 0% used [0x00000000ef500000,0x00000000ef500000,0x00000000f0100000)
 ParOldGen       total 642048K, used 601259K [0x00000000c0000000, 0x00000000e7300000, 0x00000000eab00000)
  object space 642048K, 93% used [0x00000000c0000000,0x00000000e4b2ad60,0x00000000e7300000)
 Metaspace       used 89102K, committed 90688K, reserved 1179648K
  class space    used 9182K, committed 9920K, reserved 1048576K
}
Event: 128.887 GC heap after
{Heap after GC invocations=211 (full 11):
 PSYoungGen      total 84992K, used 11914K [0x00000000eab00000, 0x00000000f0a00000, 0x0000000100000000)
  eden space 72704K, 0% used [0x00000000eab00000,0x00000000eab00000,0x00000000ef200000)
  from space 12288K, 96% used [0x00000000ef500000,0x00000000f00a2b20,0x00000000f0100000)
  to   space 9216K, 0% used [0x00000000f0100000,0x00000000f0100000,0x00000000f0a00000)
 ParOldGen       total 642048K, used 607115K [0x00000000c0000000, 0x00000000e7300000, 0x00000000eab00000)
  object space 642048K, 94% used [0x00000000c0000000,0x00000000e50e2f50,0x00000000e7300000)
 Metaspace       used 89102K, committed 90688K, reserved 1179648K
  class space    used 9182K, committed 9920K, reserved 1048576K
}
Event: 132.294 GC heap before
{Heap before GC invocations=212 (full 11):
 PSYoungGen      total 84992K, used 84618K [0x00000000eab00000, 0x00000000f0a00000, 0x0000000100000000)
  eden space 72704K, 100% used [0x00000000eab00000,0x00000000ef200000,0x00000000ef200000)
  from space 12288K, 96% used [0x00000000ef500000,0x00000000f00a2b20,0x00000000f0100000)
  to   space 9216K, 0% used [0x00000000f0100000,0x00000000f0100000,0x00000000f0a00000)
 ParOldGen       total 642048K, used 607115K [0x00000000c0000000, 0x00000000e7300000, 0x00000000eab00000)
  object space 642048K, 94% used [0x00000000c0000000,0x00000000e50e2f50,0x00000000e7300000)
 Metaspace       used 89210K, committed 90816K, reserved 1179648K
  class space    used 9182K, committed 9920K, reserved 1048576K
}
Event: 132.298 GC heap after
{Heap after GC invocations=212 (full 11):
 PSYoungGen      total 80896K, used 9211K [0x00000000eab00000, 0x00000000f0a00000, 0x0000000100000000)
  eden space 71680K, 0% used [0x00000000eab00000,0x00000000eab00000,0x00000000ef100000)
  from space 9216K, 99% used [0x00000000f0100000,0x00000000f09fec80,0x00000000f0a00000)
  to   space 12288K, 0% used [0x00000000ef200000,0x00000000ef200000,0x00000000efe00000)
 ParOldGen       total 642048K, used 609843K [0x00000000c0000000, 0x00000000e7300000, 0x00000000eab00000)
  object space 642048K, 94% used [0x00000000c0000000,0x00000000e538ceb0,0x00000000e7300000)
 Metaspace       used 89210K, committed 90816K, reserved 1179648K
  class space    used 9182K, committed 9920K, reserved 1048576K
}
Event: 133.350 GC heap before
{Heap before GC invocations=213 (full 11):
 PSYoungGen      total 80896K, used 80891K [0x00000000eab00000, 0x00000000f0a00000, 0x0000000100000000)
  eden space 71680K, 100% used [0x00000000eab00000,0x00000000ef100000,0x00000000ef100000)
  from space 9216K, 99% used [0x00000000f0100000,0x00000000f09fec80,0x00000000f0a00000)
  to   space 12288K, 0% used [0x00000000ef200000,0x00000000ef200000,0x00000000efe00000)
 ParOldGen       total 642048K, used 609843K [0x00000000c0000000, 0x00000000e7300000, 0x00000000eab00000)
  object space 642048K, 94% used [0x00000000c0000000,0x00000000e538ceb0,0x00000000e7300000)
 Metaspace       used 89242K, committed 90816K, reserved 1179648K
  class space    used 9182K, committed 9920K, reserved 1048576K
}
Event: 133.354 GC heap after
{Heap after GC invocations=213 (full 11):
 PSYoungGen      total 81408K, used 10705K [0x00000000eab00000, 0x00000000f0600000, 0x0000000100000000)
  eden space 70656K, 0% used [0x00000000eab00000,0x00000000eab00000,0x00000000ef000000)
  from space 10752K, 99% used [0x00000000ef200000,0x00000000efc746b0,0x00000000efc80000)
  to   space 9728K, 0% used [0x00000000efc80000,0x00000000efc80000,0x00000000f0600000)
 ParOldGen       total 642048K, used 610779K [0x00000000c0000000, 0x00000000e7300000, 0x00000000eab00000)
  object space 642048K, 95% used [0x00000000c0000000,0x00000000e5476c80,0x00000000e7300000)
 Metaspace       used 89242K, committed 90816K, reserved 1179648K
  class space    used 9182K, committed 9920K, reserved 1048576K
}
Event: 137.277 GC heap before
{Heap before GC invocations=214 (full 11):
 PSYoungGen      total 81408K, used 81361K [0x00000000eab00000, 0x00000000f0600000, 0x0000000100000000)
  eden space 70656K, 100% used [0x00000000eab00000,0x00000000ef000000,0x00000000ef000000)
  from space 10752K, 99% used [0x00000000ef200000,0x00000000efc746b0,0x00000000efc80000)
  to   space 9728K, 0% used [0x00000000efc80000,0x00000000efc80000,0x00000000f0600000)
 ParOldGen       total 642048K, used 610779K [0x00000000c0000000, 0x00000000e7300000, 0x00000000eab00000)
  object space 642048K, 95% used [0x00000000c0000000,0x00000000e5476c80,0x00000000e7300000)
 Metaspace       used 89383K, committed 90944K, reserved 1179648K
  class space    used 9198K, committed 9920K, reserved 1048576K
}
Event: 137.282 GC heap after
{Heap after GC invocations=214 (full 11):
 PSYoungGen      total 79360K, used 9711K [0x00000000eab00000, 0x00000000f0600000, 0x0000000100000000)
  eden space 69632K, 0% used [0x00000000eab00000,0x00000000eab00000,0x00000000eef00000)
  from space 9728K, 99% used [0x00000000efc80000,0x00000000f05fbd68,0x00000000f0600000)
  to   space 11264K, 0% used [0x00000000ef000000,0x00000000ef000000,0x00000000efb00000)
 ParOldGen       total 642048K, used 612230K [0x00000000c0000000, 0x00000000e7300000, 0x00000000eab00000)
  object space 642048K, 95% used [0x00000000c0000000,0x00000000e55e1a20,0x00000000e7300000)
 Metaspace       used 89383K, committed 90944K, reserved 1179648K
  class space    used 9198K, committed 9920K, reserved 1048576K
}
Event: 137.802 GC heap before
{Heap before GC invocations=215 (full 11):
 PSYoungGen      total 79360K, used 79343K [0x00000000eab00000, 0x00000000f0600000, 0x0000000100000000)
  eden space 69632K, 100% used [0x00000000eab00000,0x00000000eef00000,0x00000000eef00000)
  from space 9728K, 99% used [0x00000000efc80000,0x00000000f05fbd68,0x00000000f0600000)
  to   space 11264K, 0% used [0x00000000ef000000,0x00000000ef000000,0x00000000efb00000)
 ParOldGen       total 642048K, used 612230K [0x00000000c0000000, 0x00000000e7300000, 0x00000000eab00000)
  object space 642048K, 95% used [0x00000000c0000000,0x00000000e55e1a20,0x00000000e7300000)
 Metaspace       used 89403K, committed 90944K, reserved 1179648K
  class space    used 9198K, committed 9920K, reserved 1048576K
}
Event: 137.807 GC heap after
{Heap after GC invocations=215 (full 11):
 PSYoungGen      total 79872K, used 11254K [0x00000000eab00000, 0x00000000f0d00000, 0x0000000100000000)
  eden space 68608K, 0% used [0x00000000eab00000,0x00000000eab00000,0x00000000eee00000)
  from space 11264K, 99% used [0x00000000ef000000,0x00000000efafd808,0x00000000efb00000)
  to   space 15872K, 0% used [0x00000000efd80000,0x00000000efd80000,0x00000000f0d00000)
 ParOldGen       total 642048K, used 616053K [0x00000000c0000000, 0x00000000e7300000, 0x00000000eab00000)
  object space 642048K, 95% used [0x00000000c0000000,0x00000000e599d400,0x00000000e7300000)
 Metaspace       used 89403K, committed 90944K, reserved 1179648K
  class space    used 9198K, committed 9920K, reserved 1048576K
}
Event: 138.974 GC heap before
{Heap before GC invocations=216 (full 11):
 PSYoungGen      total 79872K, used 79861K [0x00000000eab00000, 0x00000000f0d00000, 0x0000000100000000)
  eden space 68608K, 99% used [0x00000000eab00000,0x00000000eedfffe8,0x00000000eee00000)
  from space 11264K, 99% used [0x00000000ef000000,0x00000000efafd808,0x00000000efb00000)
  to   space 15872K, 0% used [0x00000000efd80000,0x00000000efd80000,0x00000000f0d00000)
 ParOldGen       total 642048K, used 616053K [0x00000000c0000000, 0x00000000e7300000, 0x00000000eab00000)
  object space 642048K, 95% used [0x00000000c0000000,0x00000000e599d400,0x00000000e7300000)
 Metaspace       used 89438K, committed 91008K, reserved 1179648K
  class space    used 9199K, committed 9920K, reserved 1048576K
}
Event: 138.978 GC heap after
{Heap after GC invocations=216 (full 11):
 PSYoungGen      total 79360K, used 11443K [0x00000000eab00000, 0x00000000f0900000, 0x0000000100000000)
  eden space 67584K, 0% used [0x00000000eab00000,0x00000000eab00000,0x00000000eed00000)
  from space 11776K, 97% used [0x00000000efd80000,0x00000000f08ace08,0x00000000f0900000)
  to   space 12800K, 0% used [0x00000000ef000000,0x00000000ef000000,0x00000000efc80000)
 ParOldGen       total 642048K, used 617651K [0x00000000c0000000, 0x00000000e7300000, 0x00000000eab00000)
  object space 642048K, 96% used [0x00000000c0000000,0x00000000e5b2cc98,0x00000000e7300000)
 Metaspace       used 89438K, committed 91008K, reserved 1179648K
  class space    used 9199K, committed 9920K, reserved 1048576K
}
Event: 139.330 GC heap before
{Heap before GC invocations=217 (full 11):
 PSYoungGen      total 79360K, used 79027K [0x00000000eab00000, 0x00000000f0900000, 0x0000000100000000)
  eden space 67584K, 100% used [0x00000000eab00000,0x00000000eed00000,0x00000000eed00000)
  from space 11776K, 97% used [0x00000000efd80000,0x00000000f08ace08,0x00000000f0900000)
  to   space 12800K, 0% used [0x00000000ef000000,0x00000000ef000000,0x00000000efc80000)
 ParOldGen       total 642048K, used 617651K [0x00000000c0000000, 0x00000000e7300000, 0x00000000eab00000)
  object space 642048K, 96% used [0x00000000c0000000,0x00000000e5b2cc98,0x00000000e7300000)
 Metaspace       used 89438K, committed 91008K, reserved 1179648K
  class space    used 9199K, committed 9920K, reserved 1048576K
}
Event: 139.341 GC heap after
{Heap after GC invocations=217 (full 11):
 PSYoungGen      total 77312K, used 10716K [0x00000000eab00000, 0x00000000f0200000, 0x0000000100000000)
  eden space 66560K, 0% used [0x00000000eab00000,0x00000000eab00000,0x00000000eec00000)
  from space 10752K, 99% used [0x00000000ef000000,0x00000000efa77188,0x00000000efa80000)
  to   space 7680K, 0% used [0x00000000efa80000,0x00000000efa80000,0x00000000f0200000)
 ParOldGen       total 642048K, used 617651K [0x00000000c0000000, 0x00000000e7300000, 0x00000000eab00000)
  object space 642048K, 96% used [0x00000000c0000000,0x00000000e5b2cc98,0x00000000e7300000)
 Metaspace       used 89438K, committed 91008K, reserved 1179648K
  class space    used 9199K, committed 9920K, reserved 1048576K
}
Event: 139.392 GC heap before
{Heap before GC invocations=218 (full 11):
 PSYoungGen      total 77312K, used 77276K [0x00000000eab00000, 0x00000000f0200000, 0x0000000100000000)
  eden space 66560K, 100% used [0x00000000eab00000,0x00000000eec00000,0x00000000eec00000)
  from space 10752K, 99% used [0x00000000ef000000,0x00000000efa77188,0x00000000efa80000)
  to   space 7680K, 0% used [0x00000000efa80000,0x00000000efa80000,0x00000000f0200000)
 ParOldGen       total 642048K, used 617651K [0x00000000c0000000, 0x00000000e7300000, 0x00000000eab00000)
  object space 642048K, 96% used [0x00000000c0000000,0x00000000e5b2cc98,0x00000000e7300000)
 Metaspace       used 89465K, committed 91008K, reserved 1179648K
  class space    used 9201K, committed 9920K, reserved 1048576K
}
Event: 139.397 GC heap after
{Heap after GC invocations=218 (full 11):
 PSYoungGen      total 73216K, used 7669K [0x00000000eab00000, 0x00000000f0200000, 0x0000000100000000)
  eden space 65536K, 0% used [0x00000000eab00000,0x00000000eab00000,0x00000000eeb00000)
  from space 7680K, 99% used [0x00000000efa80000,0x00000000f01fd778,0x00000000f0200000)
  to   space 11776K, 0% used [0x00000000eeb00000,0x00000000eeb00000,0x00000000ef680000)
 ParOldGen       total 642048K, used 621488K [0x00000000c0000000, 0x00000000e7300000, 0x00000000eab00000)
  object space 642048K, 96% used [0x00000000c0000000,0x00000000e5eec010,0x00000000e7300000)
 Metaspace       used 89465K, committed 91008K, reserved 1179648K
  class space    used 9201K, committed 9920K, reserved 1048576K
}
Event: 139.442 GC heap before
{Heap before GC invocations=219 (full 11):
 PSYoungGen      total 73216K, used 73205K [0x00000000eab00000, 0x00000000f0200000, 0x0000000100000000)
  eden space 65536K, 100% used [0x00000000eab00000,0x00000000eeb00000,0x00000000eeb00000)
  from space 7680K, 99% used [0x00000000efa80000,0x00000000f01fd778,0x00000000f0200000)
  to   space 11776K, 0% used [0x00000000eeb00000,0x00000000eeb00000,0x00000000ef680000)
 ParOldGen       total 642048K, used 621488K [0x00000000c0000000, 0x00000000e7300000, 0x00000000eab00000)
  object space 642048K, 96% used [0x00000000c0000000,0x00000000e5eec010,0x00000000e7300000)
 Metaspace       used 89480K, committed 91008K, reserved 1179648K
  class space    used 9201K, committed 9920K, reserved 1048576K
}
Event: 139.447 GC heap after
{Heap after GC invocations=219 (full 11):
 PSYoungGen      total 70656K, used 6067K [0x00000000eab00000, 0x00000000efb00000, 0x0000000100000000)
  eden space 64512K, 0% used [0x00000000eab00000,0x00000000eab00000,0x00000000eea00000)
  from space 6144K, 98% used [0x00000000eeb00000,0x00000000ef0ecf28,0x00000000ef100000)
  to   space 8192K, 0% used [0x00000000ef300000,0x00000000ef300000,0x00000000efb00000)
 ParOldGen       total 642048K, used 623730K [0x00000000c0000000, 0x00000000e7300000, 0x00000000eab00000)
  object space 642048K, 97% used [0x00000000c0000000,0x00000000e611cac0,0x00000000e7300000)
 Metaspace       used 89480K, committed 91008K, reserved 1179648K
  class space    used 9201K, committed 9920K, reserved 1048576K
}
Event: 139.488 GC heap before
{Heap before GC invocations=220 (full 11):
 PSYoungGen      total 70656K, used 70579K [0x00000000eab00000, 0x00000000efb00000, 0x0000000100000000)
  eden space 64512K, 100% used [0x00000000eab00000,0x00000000eea00000,0x00000000eea00000)
  from space 6144K, 98% used [0x00000000eeb00000,0x00000000ef0ecf28,0x00000000ef100000)
  to   space 8192K, 0% used [0x00000000ef300000,0x00000000ef300000,0x00000000efb00000)
 ParOldGen       total 642048K, used 623730K [0x00000000c0000000, 0x00000000e7300000, 0x00000000eab00000)
  object space 642048K, 97% used [0x00000000c0000000,0x00000000e611cac0,0x00000000e7300000)
 Metaspace       used 89485K, committed 91072K, reserved 1179648K
  class space    used 9201K, committed 9920K, reserved 1048576K
}
Event: 139.491 GC heap after
{Heap after GC invocations=220 (full 11):
 PSYoungGen      total 70144K, used 5864K [0x00000000eab00000, 0x00000000ef900000, 0x0000000100000000)
  eden space 64000K, 0% used [0x00000000eab00000,0x00000000eab00000,0x00000000ee980000)
  from space 6144K, 95% used [0x00000000ef300000,0x00000000ef8ba128,0x00000000ef900000)
  to   space 6656K, 0% used [0x00000000eec00000,0x00000000eec00000,0x00000000ef280000)
 ParOldGen       total 642048K, used 623730K [0x00000000c0000000, 0x00000000e7300000, 0x00000000eab00000)
  object space 642048K, 97% used [0x00000000c0000000,0x00000000e611cac0,0x00000000e7300000)
 Metaspace       used 89485K, committed 91072K, reserved 1179648K
  class space    used 9201K, committed 9920K, reserved 1048576K
}

